EdKura-NG/EdKura/app/build/intermediates/manifest_merge_blame_file/debug/processDebugMainManifest/manifest-merger-blame-debug-report.txt
1<?xml version="1.0" encoding="utf-8"?>
2<manifest xmlns:android="http://schemas.android.com/apk/res/android"
3    package="com.example.edkura"
4    android:versionCode="1"
5    android:versionName="1.0" >
6
7    <uses-sdk
8        android:minSdkVersion="24"
9        android:targetSdkVersion="35" />
10
11    <!-- Although the *SdkVersion is captured in gradle build files, this is required for non gradle builds -->
12    <!-- <uses-sdk android:minSdkVersion="21"/> -->
13    <uses-permission android:name="android.permission.ACCESS_NETWORK_STATE" />
13-->[com.google.firebase:firebase-database:21.0.0] AndroidManifest.xml:22:5-79
13-->[com.google.firebase:firebase-database:21.0.0] AndroidManifest.xml:22:22-76
14    <uses-permission android:name="android.permission.INTERNET" />
14-->[com.google.firebase:firebase-database:21.0.0] AndroidManifest.xml:23:5-67
14-->[com.google.firebase:firebase-database:21.0.0] AndroidManifest.xml:23:22-64
15
16    <permission
16-->[androidx.core:core:1.15.0] AndroidManifest.xml:22:5-24:47
17        android:name="com.example.edkura.DYNAMIC_RECEIVER_NOT_EXPORTED_PERMISSION"
17-->[androidx.core:core:1.15.0] AndroidManifest.xml:23:9-81
18        android:protectionLevel="signature" />
18-->[androidx.core:core:1.15.0] AndroidManifest.xml:24:9-44
19
20    <uses-permission android:name="com.example.edkura.DYNAMIC_RECEIVER_NOT_EXPORTED_PERMISSION" />
20-->[androidx.core:core:1.15.0] AndroidManifest.xml:26:5-97
20-->[androidx.core:core:1.15.0] AndroidManifest.xml:26:22-94
21
22    <application
22-->src\main\AndroidManifest.xml:5:5-53:19
23        android:allowBackup="true"
23-->src\main\AndroidManifest.xml:6:9-35
24        android:appComponentFactory="androidx.core.app.CoreComponentFactory"
24-->[androidx.core:core:1.15.0] AndroidManifest.xml:28:18-86
25        android:dataExtractionRules="@xml/data_extraction_rules"
25-->src\main\AndroidManifest.xml:7:9-65
26        android:debuggable="true"
27        android:extractNativeLibs="false"
28        android:fullBackupContent="@xml/backup_rules"
28-->src\main\AndroidManifest.xml:8:9-54
29        android:icon="@mipmap/edkura"
29-->src\main\AndroidManifest.xml:9:9-38
30        android:label="@string/app_name"
30-->src\main\AndroidManifest.xml:10:9-41
31        android:roundIcon="@mipmap/edkura"
31-->src\main\AndroidManifest.xml:11:9-43
32        android:supportsRtl="true"
32-->src\main\AndroidManifest.xml:12:9-35
33        android:testOnly="true"
34        android:theme="@style/Theme.EdKura" >
34-->src\main\AndroidManifest.xml:13:9-44
35
36        <!-- MainActivity -->
37        <activity
37-->src\main\AndroidManifest.xml:17:9-24:20
38            android:name="com.example.edkura.DashboardActivity"
38-->src\main\AndroidManifest.xml:18:13-46
39            android:exported="true" >
39-->src\main\AndroidManifest.xml:19:13-36
40            <intent-filter>
40-->src\main\AndroidManifest.xml:20:13-23:29
41                <action android:name="android.intent.action.MAIN" />
41-->src\main\AndroidManifest.xml:21:17-69
41-->src\main\AndroidManifest.xml:21:25-66
42
43                <category android:name="android.intent.category.LAUNCHER" />
43-->src\main\AndroidManifest.xml:22:17-77
43-->src\main\AndroidManifest.xml:22:27-74
44            </intent-filter>
45        </activity>
46
47        <!-- DashboardActivity -->
48        <activity
48-->src\main\AndroidManifest.xml:27:9-30:20
49            android:name="com.example.edkura.Jiankai.classManagement"
49-->src\main\AndroidManifest.xml:28:13-52
50            android:exported="true" >
50-->src\main\AndroidManifest.xml:29:13-36
51        </activity>
52        <!-- LoginActivity -->
53        <activity
53-->src\main\AndroidManifest.xml:32:9-35:20
54            android:name="com.example.edkura.Narciso.CourseDetailActivity"
54-->src\main\AndroidManifest.xml:33:13-57
55            android:exported="false" >
55-->src\main\AndroidManifest.xml:34:13-37
56        </activity>
57        <!-- Student Partner Matching -->
58        <activity
58-->src\main\AndroidManifest.xml:37:9-40:20
59            android:name="com.example.edkura.Rao.spmatching"
59-->src\main\AndroidManifest.xml:38:13-43
60            android:exported="false" >
60-->src\main\AndroidManifest.xml:39:13-37
61        </activity>
62        <!-- Note Sharing Dashboard Activity -->
63        <activity
63-->src\main\AndroidManifest.xml:42:9-45:73
64            android:name="com.example.edkura.Narciso.NoteSharingDashboardActivity"
64-->src\main\AndroidManifest.xml:43:13-65
65            android:exported="false"
65-->src\main\AndroidManifest.xml:44:13-37
66            android:parentActivityName="com.example.edkura.Narciso.CourseDetailActivity" />
66-->src\main\AndroidManifest.xml:45:13-71
67
68        <meta-data
68-->src\main\AndroidManifest.xml:46:9-48:61
69            android:name="android.support.PARENT_ACTIVITY"
69-->src\main\AndroidManifest.xml:47:13-59
70            android:value=".Narciso.CourseDetailActivity" />
70-->src\main\AndroidManifest.xml:48:13-58
71
72        <activity
72-->src\main\AndroidManifest.xml:49:9-51:40
73            android:name="com.example.edkura.Narciso.UserProfileActivity"
73-->src\main\AndroidManifest.xml:50:13-56
74            android:exported="false" />
74-->src\main\AndroidManifest.xml:51:13-37
75
76        <service
76-->[com.google.firebase:firebase-database:21.0.0] AndroidManifest.xml:26:9-35:19
77            android:name="com.google.firebase.components.ComponentDiscoveryService"
77-->[com.google.firebase:firebase-database:21.0.0] AndroidManifest.xml:27:13-84
78            android:directBootAware="true"
78-->[com.google.firebase:firebase-common:21.0.0] AndroidManifest.xml:32:13-43
79            android:exported="false" >
79-->[com.google.firebase:firebase-database:21.0.0] AndroidManifest.xml:28:13-37
80            <meta-data
80-->[com.google.firebase:firebase-database:21.0.0] AndroidManifest.xml:29:13-31:85
81                android:name="com.google.firebase.components:com.google.firebase.database.FirebaseDatabaseKtxRegistrar"
81-->[com.google.firebase:firebase-database:21.0.0] AndroidManifest.xml:30:17-120
82                android:value="com.google.firebase.components.ComponentRegistrar" />
82-->[com.google.firebase:firebase-database:21.0.0] AndroidManifest.xml:31:17-82
83            <meta-data
83-->[com.google.firebase:firebase-database:21.0.0] AndroidManifest.xml:32:13-34:85
84                android:name="com.google.firebase.components:com.google.firebase.database.DatabaseRegistrar"
84-->[com.google.firebase:firebase-database:21.0.0] AndroidManifest.xml:33:17-109
85                android:value="com.google.firebase.components.ComponentRegistrar" />
85-->[com.google.firebase:firebase-database:21.0.0] AndroidManifest.xml:34:17-82
86            <meta-data
86-->[com.google.firebase:firebase-common-ktx:21.0.0] AndroidManifest.xml:12:13-14:85
87                android:name="com.google.firebase.components:com.google.firebase.ktx.FirebaseCommonLegacyRegistrar"
87-->[com.google.firebase:firebase-common-ktx:21.0.0] AndroidManifest.xml:13:17-116
88                android:value="com.google.firebase.components.ComponentRegistrar" />
88-->[com.google.firebase:firebase-common-ktx:21.0.0] AndroidManifest.xml:14:17-82
89            <meta-data
89-->[com.google.firebase:firebase-common:21.0.0] AndroidManifest.xml:35:13-37:85
90                android:name="com.google.firebase.components:com.google.firebase.FirebaseCommonKtxRegistrar"
90-->[com.google.firebase:firebase-common:21.0.0] AndroidManifest.xml:36:17-109
91                android:value="com.google.firebase.components.ComponentRegistrar" />
91-->[com.google.firebase:firebase-common:21.0.0] AndroidManifest.xml:37:17-82
92        </service>
93
94        <activity
94-->[com.google.android.gms:play-services-base:18.1.0] AndroidManifest.xml:20:9-22:45
95            android:name="com.google.android.gms.common.api.GoogleApiActivity"
95-->[com.google.android.gms:play-services-base:18.1.0] AndroidManifest.xml:20:19-85
96            android:exported="false"
96-->[com.google.android.gms:play-services-base:18.1.0] AndroidManifest.xml:22:19-43
97            android:theme="@android:style/Theme.Translucent.NoTitleBar" />
97-->[com.google.android.gms:play-services-base:18.1.0] AndroidManifest.xml:21:19-78
98
99        <provider
99-->[com.google.firebase:firebase-common:21.0.0] AndroidManifest.xml:23:9-28:39
100            android:name="com.google.firebase.provider.FirebaseInitProvider"
100-->[com.google.firebase:firebase-common:21.0.0] AndroidManifest.xml:24:13-77
101            android:authorities="com.example.edkura.firebaseinitprovider"
101-->[com.google.firebase:firebase-common:21.0.0] AndroidManifest.xml:25:13-72
102            android:directBootAware="true"
102-->[com.google.firebase:firebase-common:21.0.0] AndroidManifest.xml:26:13-43
103            android:exported="false"
103-->[com.google.firebase:firebase-common:21.0.0] AndroidManifest.xml:27:13-37
104            android:initOrder="100" />
104-->[com.google.firebase:firebase-common:21.0.0] AndroidManifest.xml:28:13-36
105        <provider
105-->[androidx.emoji2:emoji2:1.3.0] AndroidManifest.xml:24:9-32:20
106            android:name="androidx.startup.InitializationProvider"
106-->[androidx.emoji2:emoji2:1.3.0] AndroidManifest.xml:25:13-67
107            android:authorities="com.example.edkura.androidx-startup"
107-->[androidx.emoji2:emoji2:1.3.0] AndroidManifest.xml:26:13-68
108            android:exported="false" >
108-->[androidx.emoji2:emoji2:1.3.0] AndroidManifest.xml:27:13-37
109            <meta-data
109-->[androidx.emoji2:emoji2:1.3.0] AndroidManifest.xml:29:13-31:52
110                android:name="androidx.emoji2.text.EmojiCompatInitializer"
110-->[androidx.emoji2:emoji2:1.3.0] AndroidManifest.xml:30:17-75
111                android:value="androidx.startup" />
111-->[androidx.emoji2:emoji2:1.3.0] AndroidManifest.xml:31:17-49
112            <meta-data
112-->[androidx.lifecycle:lifecycle-process:2.6.2] AndroidManifest.xml:29:13-31:52
113                android:name="androidx.lifecycle.ProcessLifecycleInitializer"
113-->[androidx.lifecycle:lifecycle-process:2.6.2] AndroidManifest.xml:30:17-78
114                android:value="androidx.startup" />
114-->[androidx.lifecycle:lifecycle-process:2.6.2] AndroidManifest.xml:31:17-49
115            <meta-data
115-->[androidx.profileinstaller:profileinstaller:1.4.0] AndroidManifest.xml:29:13-31:52
116                android:name="androidx.profileinstaller.ProfileInstallerInitializer"
116-->[androidx.profileinstaller:profileinstaller:1.4.0] AndroidManifest.xml:30:17-85
117                android:value="androidx.startup" />
117-->[androidx.profileinstaller:profileinstaller:1.4.0] AndroidManifest.xml:31:17-49
118        </provider>
119
120        <meta-data
120-->[com.google.android.gms:play-services-basement:18.3.0] AndroidManifest.xml:21:9-23:69
121            android:name="com.google.android.gms.version"
121-->[com.google.android.gms:play-services-basement:18.3.0] AndroidManifest.xml:22:13-58
122            android:value="@integer/google_play_services_version" />
122-->[com.google.android.gms:play-services-basement:18.3.0] AndroidManifest.xml:23:13-66
123
124        <receiver
124-->[androidx.profileinstaller:profileinstaller:1.4.0] AndroidManifest.xml:34:9-52:20
125            android:name="androidx.profileinstaller.ProfileInstallReceiver"
125-->[androidx.profileinstaller:profileinstaller:1.4.0] AndroidManifest.xml:35:13-76
126            android:directBootAware="false"
126-->[androidx.profileinstaller:profileinstaller:1.4.0] AndroidManifest.xml:36:13-44
127            android:enabled="true"
127-->[androidx.profileinstaller:profileinstaller:1.4.0] AndroidManifest.xml:37:13-35
128            android:exported="true"
128-->[androidx.profileinstaller:profileinstaller:1.4.0] AndroidManifest.xml:38:13-36
129            android:permission="android.permission.DUMP" >
129-->[androidx.profileinstaller:profileinstaller:1.4.0] AndroidManifest.xml:39:13-57
130            <intent-filter>
130-->[androidx.profileinstaller:profileinstaller:1.4.0] AndroidManifest.xml:40:13-42:29
131                <action android:name="androidx.profileinstaller.action.INSTALL_PROFILE" />
131-->[androidx.profileinstaller:profileinstaller:1.4.0] AndroidManifest.xml:41:17-91
131-->[androidx.profileinstaller:profileinstaller:1.4.0] AndroidManifest.xml:41:25-88
132            </intent-filter>
133            <intent-filter>
133-->[androidx.profileinstaller:profileinstaller:1.4.0] AndroidManifest.xml:43:13-45:29
134                <action android:name="androidx.profileinstaller.action.SKIP_FILE" />
134-->[androidx.profileinstaller:profileinstaller:1.4.0] AndroidManifest.xml:44:17-85
134-->[androidx.profileinstaller:profileinstaller:1.4.0] AndroidManifest.xml:44:25-82
135            </intent-filter>
136            <intent-filter>
136-->[androidx.profileinstaller:profileinstaller:1.4.0] AndroidManifest.xml:46:13-48:29
137                <action android:name="androidx.profileinstaller.action.SAVE_PROFILE" />
137-->[androidx.profileinstaller:profileinstaller:1.4.0] AndroidManifest.xml:47:17-88
137-->[androidx.profileinstaller:profileinstaller:1.4.0] AndroidManifest.xml:47:25-85
138            </intent-filter>
139            <intent-filter>
139-->[androidx.profileinstaller:profileinstaller:1.4.0] AndroidManifest.xml:49:13-51:29
140                <action android:name="androidx.profileinstaller.action.BENCHMARK_OPERATION" />
140-->[androidx.profileinstaller:profileinstaller:1.4.0] AndroidManifest.xml:50:17-95
140-->[androidx.profileinstaller:profileinstaller:1.4.0] AndroidManifest.xml:50:25-92
141            </intent-filter>
142        </receiver>
143    </application>
144
145</manifest>